<?xml version="1.0" encoding="utf-8"?><testsuites name="pytest tests"><testsuite name="pytest" errors="0" failures="0" skipped="0" tests="50" time="30.547" timestamp="2026-03-07T22:33:07.234656+04:00" hostname="JSMBA.local"><testcase classname="tests.test_dataset_reshaper.TestDatasetReshaperCreateDfcmb" name="test_categorical_column_lists_all_categories" time="0.002" /><testcase classname="tests.test_dataset_reshaper.TestDatasetReshaperCreateDfcmb" name="test_bool_column_has_false_and_true" time="0.001" /><testcase classname="tests.test_dataset_reshaper.TestDatasetReshaperCreateDfcmb" name="test_int_column_filled_with_one" time="0.001" /><testcase classname="tests.test_dataset_reshaper.TestDatasetReshaperCreateDfcmb" name="test_float_column_filled_with_one" time="0.001" /><testcase classname="tests.test_dataset_reshaper.TestDatasetReshaperCreateDfcmb" name="test_ragged_output_for_unequal_category_counts" time="0.001" /><testcase classname="tests.test_dataset_reshaper.TestDatasetReshaperCreateDfcmbSadPath" name="test_object_dtype_raises_valueerror" time="0.000" /><testcase classname="tests.test_dataset_reshaper.TestDatasetReshaperCreateDfcmbSadPath" name="test_nullable_boolean_dtype_raises_valueerror" time="0.000" /><testcase classname="tests.test_datatype_converter.TestDatatypeConverterConvertDtypes" name="test_fcat_converts_to_unordered_categorical" time="0.002" /><testcase classname="tests.test_datatype_converter.TestDatatypeConverterConvertDtypes" name="test_ford_converts_to_ordered_categorical" time="0.000" /><testcase classname="tests.test_datatype_converter.TestDatatypeConverterConvertDtypes" name="test_fbool_converts_string_representations" time="0.001" /><testcase classname="tests.test_datatype_converter.TestDatatypeConverterConvertDtypes" name="test_fbool_nan_to_false_fills_nulls" time="0.001" /><testcase classname="tests.test_datatype_converter.TestDatatypeConverterConvertDtypes" name="test_fint_strips_currency_junk" time="0.001" /><testcase classname="tests.test_datatype_converter.TestDatatypeConverterConvertDtypes" name="test_ffloat_strips_currency_junk" time="0.001" /><testcase classname="tests.test_datatype_converter.TestDatatypeConverterConvertDtypes" name="test_fdate_parses_iso_strings" time="0.001" /><testcase classname="tests.test_datatype_converter.TestDatatypeConverterConvertDtypes" name="test_fcat_null_becomes_na" time="0.001" /><testcase classname="tests.test_datatype_converter.TestDatatypeConverterConvertDtypesSadPath" name="test_missing_feature_raises_keyerror" time="0.000" /><testcase classname="tests.test_datatype_converter.TestDatatypeConverterConvertDtypesSadPath" name="test_fbool_unmappable_value_raises_valueerror" time="0.001" /><testcase classname="tests.test_datatype_converter.TestDatatypeConverterConvertDtypesSadPath" name="test_fint_non_numeric_raises_exception" time="0.001" /><testcase classname="tests.test_datatype_converter.TestDatatypeConverterConvertDtypesSadPath" name="test_fdate_wrong_format_raises_valueerror" time="0.000" /><testcase classname="tests.test_datatype_converter.TestDatatypeConverterConvertDtypesSadPath" name="test_ford_unknown_level_silently_becomes_nan" time="0.000" /><testcase classname="tests.test_snakey_lowercaser.TestClean" name="test_clean_happy[Hello World-hello_world]" time="0.000" /><testcase classname="tests.test_snakey_lowercaser.TestClean" name="test_clean_happy[path/to.file-path_to_file]" time="0.000" /><testcase classname="tests.test_snakey_lowercaser.TestClean" name="test_clean_happy[hello__world-hello_world]" time="0.000" /><testcase classname="tests.test_snakey_lowercaser.TestClean" name="test_clean_happy[_hello_-hello]" time="0.000" /><testcase classname="tests.test_snakey_lowercaser.TestClean" name="test_clean_happy[price ($)-price]" time="0.000" /><testcase classname="tests.test_snakey_lowercaser.TestClean" name="test_clean_empty_string" time="0.000" /><testcase classname="tests.test_snakey_lowercaser.TestClean" name="test_clean_non_string_coerced" time="0.000" /><testcase classname="tests.test_snakey_lowercaser.TestClean" name="test_clean_allowed_punct_preserved" time="0.000" /><testcase classname="tests.test_snakey_lowercaser.TestCleanPatsy" name="test_clean_patsy_happy[sex[T.Male]-sex_t_male]" time="0.000" /><testcase classname="tests.test_snakey_lowercaser.TestCleanPatsy" name="test_clean_patsy_happy[age:sex-age_x_sex]" time="0.000" /><testcase classname="tests.test_snakey_lowercaser.TestCleanPatsy" name="test_clean_patsy_happy[np.log(income)-income_log]" time="0.000" /><testcase classname="tests.test_snakey_lowercaser.TestCleanPatsy" name="test_clean_patsy_happy[simple_feature-simple_feature]" time="0.000" /><testcase classname="tests.test_standardizer.TestStandardizerFitStandardize" name="test_fit_standardize_returns_dataframe" time="0.001" /><testcase classname="tests.test_standardizer.TestStandardizerFitStandardize" name="test_fit_standardize_intercept_column_unchanged" time="0.001" /><testcase classname="tests.test_standardizer.TestStandardizerFitStandardize" name="test_fit_standardize_numeric_col_is_mean_zero" time="0.001" /><testcase classname="tests.test_standardizer.TestStandardizerFitStandardize" name="test_fit_standardize_default_scale_is_2" time="0.001" /><testcase classname="tests.test_standardizer.TestStandardizerFitStandardize" name="test_fts_exclude_passes_through_unchanged" time="0.001" /><testcase classname="tests.test_standardizer.TestStandardizerFitStandardize" name="test_set_scale_then_standardize_matches_fit" time="0.002" /><testcase classname="tests.test_standardizer.TestStandardizerFitStandardize" name="test_fit_standardize_mx_returns_ndarray" time="0.001" /><testcase classname="tests.test_standardizer.TestStandardizerSadPath" name="test_standardize_before_fit_raises_attributeerror" time="0.001" /><testcase classname="tests.test_standardizer.TestStandardizerSadPath" name="test_standardize_mx_before_fit_raises_attributeerror" time="0.001" /><testcase classname="tests.test_transformer.TestTransformerFitTransform" name="test_fit_transform_returns_dataframe" time="0.001" /><testcase classname="tests.test_transformer.TestTransformerFitTransform" name="test_fit_transform_includes_intercept_by_default" time="0.001" /><testcase classname="tests.test_transformer.TestTransformerFitTransform" name="test_fit_transform_sets_design_info" time="0.001" /><testcase classname="tests.test_transformer.TestTransformerFitTransform" name="test_fit_transform_categorical_populates_factor_map" time="0.001" /><testcase classname="tests.test_transformer.TestTransformerFitTransform" name="test_fit_transform_int_column_stays_int" time="0.001" /><testcase classname="tests.test_transformer.TestTransformerFitTransform" name="test_fit_transform_bool_indicator_forced_to_int" time="0.001" /><testcase classname="tests.test_transformer.TestTransformerFitTransform" name="test_transform_reuses_fitted_design_info" time="0.001" /><testcase classname="tests.test_transformer.TestTransformerSadPath" name="test_transform_before_fit_raises_attributeerror" time="0.000" /><testcase classname="tests.test_transformer.TestTransformerSadPath" name="test_fit_transform_unknown_column_raises" time="0.000" /></testsuite></testsuites>
